[2023-12-23T22:21:48.763Z] [INFO] Slash command loaded: deploy
[2023-12-23T22:21:48.766Z] [INFO] Slash command loaded: logs
[2023-12-23T22:21:48.767Z] [INFO] Slash command loaded: restart
[2023-12-23T22:21:48.768Z] [INFO] Slash command loaded: reload
[2023-12-23T22:21:48.769Z] [INFO] Slash command loaded: owner
[2023-12-23T22:21:48.805Z] [INFO] Slash command loaded: ping
[2023-12-23T22:21:48.807Z] [INFO] Prefix command loaded: ping
[2023-12-23T22:22:17.476Z] [INFO] Slash command loaded: deploy
[2023-12-23T22:22:17.478Z] [INFO] Slash command loaded: logs
[2023-12-23T22:22:17.480Z] [INFO] Slash command loaded: restart
[2023-12-23T22:22:17.480Z] [INFO] Slash command loaded: reload
[2023-12-23T22:22:17.482Z] [INFO] Slash command loaded: owner
[2023-12-23T22:22:17.497Z] [INFO] Slash command loaded: ping
[2023-12-23T22:22:17.499Z] [INFO] Prefix command loaded: ping
[2023-12-23T22:22:18.222Z] [INFO] Successfully reloaded 2 global commands.
[2023-12-23T22:22:18.385Z] [INFO] Successfully reloaded 4 dev commands.
[2023-12-23T22:22:18.414Z] [INFO] Logged in as O'Jar's pawn#6765!
[2023-12-23T22:22:24.409Z] [INFO] Executing prefix command: ping
Prefix Command: ping, Args: , User: 496360025099337728, Channel: 1188244923800109056
[2023-12-23T22:22:35.451Z] [INFO] Slash command loaded: deploy
[2023-12-23T22:22:35.453Z] [INFO] Slash command loaded: logs
[2023-12-23T22:22:35.455Z] [INFO] Slash command loaded: restart
[2023-12-23T22:22:35.456Z] [INFO] Slash command loaded: reload
[2023-12-23T22:22:35.457Z] [INFO] Slash command loaded: owner
[2023-12-23T22:22:35.472Z] [INFO] Slash command loaded: ping
[2023-12-23T22:22:35.475Z] [INFO] Prefix command loaded: ping
[2023-12-23T22:22:35.872Z] [INFO] Successfully reloaded 2 global commands.
[2023-12-23T22:22:36.097Z] [INFO] Successfully reloaded 4 dev commands.
[2023-12-23T22:22:36.367Z] [INFO] Logged in as O'Jar's pawn#6765!
[2023-12-23T22:24:48.408Z] [INFO] Slash command loaded: deploy
[2023-12-23T22:24:48.410Z] [INFO] Slash command loaded: logs
[2023-12-23T22:24:48.412Z] [INFO] Slash command loaded: restart
[2023-12-23T22:24:48.412Z] [INFO] Slash command loaded: reload
[2023-12-23T22:24:48.414Z] [INFO] Slash command loaded: owner
[2023-12-23T22:24:48.429Z] [INFO] Slash command loaded: ping
[2023-12-23T22:24:48.430Z] [INFO] Prefix command loaded: ping
[2023-12-23T22:24:48.955Z] [INFO] Successfully reloaded 2 global commands.
[2023-12-23T22:24:49.400Z] [INFO] Successfully reloaded 4 dev commands.
[2023-12-23T22:24:49.420Z] [INFO] Logged in as O'Jar's pawn#6765!
[2023-12-23T22:30:28.931Z] [ERROR] Error loading slash command at C:\Users\Ng\Documents\Projects\Bots\Slate\commands\slash\dev\debug.js: Cannot find module '../../logger'
Require stack:
- C:\Users\Ng\Documents\Projects\Bots\Slate\commands\slash\dev\debug.js
- C:\Users\Ng\Documents\Projects\Bots\Slate\bot.js
[2023-12-23T22:30:28.934Z] [INFO] Slash command loaded: deploy
[2023-12-23T22:30:28.936Z] [INFO] Slash command loaded: logs
[2023-12-23T22:30:28.937Z] [INFO] Slash command loaded: restart
[2023-12-23T22:30:28.938Z] [INFO] Slash command loaded: reload
[2023-12-23T22:30:28.940Z] [INFO] Slash command loaded: owner
[2023-12-23T22:30:28.954Z] [INFO] Slash command loaded: ping
[2023-12-23T22:30:28.955Z] [INFO] Prefix command loaded: ping
[2023-12-23T22:30:29.467Z] [INFO] Successfully reloaded 2 global commands.
[2023-12-23T22:30:29.833Z] [INFO] Logged in as O'Jar's pawn#6765!
[2023-12-23T22:30:29.941Z] [INFO] Successfully reloaded 4 dev commands.
[2023-12-23T22:32:04.185Z] [INFO] Slash command loaded: debug
[2023-12-23T22:32:04.188Z] [INFO] Slash command loaded: deploy
[2023-12-23T22:32:04.189Z] [INFO] Slash command loaded: logs
[2023-12-23T22:32:04.190Z] [INFO] Slash command loaded: restart
[2023-12-23T22:32:04.191Z] [INFO] Slash command loaded: reload
[2023-12-23T22:32:04.193Z] [INFO] Slash command loaded: owner
[2023-12-23T22:32:04.208Z] [INFO] Slash command loaded: ping
[2023-12-23T22:32:04.210Z] [INFO] Prefix command loaded: ping
[2023-12-23T22:32:04.678Z] [INFO] Successfully reloaded 2 global commands.
[2023-12-23T22:32:04.939Z] [INFO] Successfully reloaded 5 dev commands.
[2023-12-23T22:32:05.319Z] [INFO] Logged in as O'Jar's pawn#6765!
[2023-12-23T22:32:08.939Z] [INFO] Slash command executed successfully
[2023-12-23T22:33:45.778Z] [INFO] Slash command loaded: debug
[2023-12-23T22:33:45.781Z] [INFO] Slash command loaded: deploy
[2023-12-23T22:33:45.781Z] [INFO] Slash command loaded: logs
[2023-12-23T22:33:45.783Z] [INFO] Slash command loaded: restart
[2023-12-23T22:33:45.784Z] [INFO] Slash command loaded: reload
[2023-12-23T22:33:45.785Z] [INFO] Slash command loaded: owner
[2023-12-23T22:33:45.800Z] [INFO] Slash command loaded: ping
[2023-12-23T22:33:45.801Z] [INFO] Prefix command loaded: ping
[2023-12-23T22:33:46.382Z] [INFO] Successfully reloaded 2 global commands.
[2023-12-23T22:33:46.609Z] [INFO] Successfully reloaded 5 dev commands.
[2023-12-23T22:33:47.529Z] [INFO] Logged in as O'Jar's pawn#6765!
[2023-12-23T22:33:56.643Z] [INFO] Slash command loaded: debug
[2023-12-23T22:33:56.645Z] [INFO] Slash command loaded: deploy
[2023-12-23T22:33:56.646Z] [INFO] Slash command loaded: logs
[2023-12-23T22:33:56.648Z] [INFO] Slash command loaded: restart
[2023-12-23T22:33:56.649Z] [INFO] Slash command loaded: reload
[2023-12-23T22:33:56.650Z] [INFO] Slash command loaded: owner
[2023-12-23T22:33:56.666Z] [INFO] Slash command loaded: ping
[2023-12-23T22:33:56.667Z] [INFO] Prefix command loaded: ping
[2023-12-23T22:33:57.171Z] [INFO] Successfully reloaded 2 global commands.
[2023-12-23T22:34:03.455Z] [INFO] Logged in as O'Jar's pawn#6765!
[2023-12-23T22:34:04.840Z] [INFO] Successfully reloaded 5 dev commands.
[2023-12-23T22:34:09.119Z] [INFO] Slash command executed successfully
[2023-12-23T22:34:13.379Z] [DEBUG] Starting ping calculation for isahooman
[2023-12-23T22:34:13.381Z] [DEBUG] Ping calculated: 80ms, Processing Speed: 1.623ms, Uptime: 17s
[2023-12-23T22:34:13.912Z] [INFO] Slash command executed successfully
[2023-12-23T22:34:18.448Z] [INFO] Slash command executed successfully
[2023-12-23T22:34:21.357Z] [INFO] Slash command executed successfully
[2023-12-23T22:35:55.952Z] [ERROR] Error executing slash command: Cannot access 'process' before initialization
[2023-12-23T22:35:59.855Z] [INFO] Slash command loaded: debug
[2023-12-23T22:35:59.857Z] [INFO] Slash command loaded: deploy
[2023-12-23T22:35:59.859Z] [INFO] Slash command loaded: logs
[2023-12-23T22:35:59.860Z] [INFO] Slash command loaded: restart
[2023-12-23T22:35:59.861Z] [INFO] Slash command loaded: reload
[2023-12-23T22:35:59.862Z] [INFO] Slash command loaded: owner
[2023-12-23T22:35:59.878Z] [INFO] Slash command loaded: ping
[2023-12-23T22:35:59.879Z] [INFO] Prefix command loaded: ping
[2023-12-23T22:36:00.578Z] [INFO] Successfully reloaded 2 global commands.
[2023-12-23T22:36:00.854Z] [INFO] Successfully reloaded 5 dev commands.
[2023-12-23T22:36:01.070Z] [INFO] Logged in as O'Jar's pawn#6765!
[2023-12-23T22:36:24.330Z] [INFO] Slash command ping used by isahooman
[2023-12-23T22:36:24.833Z] [INFO] Slash command executed successfully
[37m[2023-12-23T22:39:55.669Z] [INFO] Slash command loaded: debug[39m
[37m[39m[37m[2023-12-23T22:39:55.671Z] [INFO] Slash command loaded: deploy[39m
[37m[39m[37m[2023-12-23T22:39:55.672Z] [INFO] Slash command loaded: logs[39m
[37m[39m[37m[2023-12-23T22:39:55.675Z] [INFO] Slash command loaded: restart[39m
[37m[39m[37m[2023-12-23T22:39:55.676Z] [INFO] Slash command loaded: reload[39m
[37m[39m[37m[2023-12-23T22:39:55.678Z] [INFO] Slash command loaded: owner[39m
[37m[39m[37m[2023-12-23T22:39:55.691Z] [INFO] Slash command loaded: ping[39m
[37m[39m[37m[2023-12-23T22:39:55.693Z] [INFO] Prefix command loaded: ping[39m
[37m[39m[37m[2023-12-23T22:39:56.180Z] [INFO] Successfully reloaded 2 global commands.[39m
[37m[39m[37m[2023-12-23T22:39:56.366Z] [INFO] Successfully reloaded 5 dev commands.[39m
[37m[39m[37m[2023-12-23T22:39:56.818Z] [INFO] Logged in as O'Jar's pawn#6765![39m
[37m[39m[37m[2023-12-23T22:39:59.149Z] [INFO] Slash command ping used by isahooman[39m
[37m[39m[37m[2023-12-23T22:39:59.406Z] [INFO] Slash command executed successfully[39m
[37m[39m[37m[2023-12-23T22:40:02.188Z] [INFO] Slash command debug used by isahooman[39m
[37m[39m[37m[2023-12-23T22:40:02.434Z] [INFO] Slash command executed successfully[39m
[37m[39m[37m[2023-12-23T22:40:03.999Z] [INFO] Slash command ping used by isahooman[39m
[37m[39m[34m[2023-12-23T22:40:04.001Z] [DEBUG] Starting ping calculation for isahooman[39m
[34m[39m[34m[2023-12-23T22:40:04.003Z] [DEBUG] Ping calculated: -1ms, Processing Speed: 2.358ms, Uptime: 9s[39m
[34m[39m[37m[2023-12-23T22:40:04.324Z] [INFO] Slash command executed successfully[39m
[37m[39m[37m[2023-12-23T22:42:18.508Z] [INFO] Slash command debug used by isahooman[39m
[37m[39m[37m[2023-12-23T22:42:18.935Z] [INFO] Slash command executed successfully[39m
[37m[39m[37m[2023-12-23T22:57:26.488Z] [INFO] Slash command loaded: debug[39m
[37m[39m[37m[2023-12-23T22:57:26.491Z] [INFO] Slash command loaded: deploy[39m
[37m[39m[37m[2023-12-23T22:57:26.492Z] [INFO] Slash command loaded: logs[39m
[37m[39m[37m[2023-12-23T22:57:26.493Z] [INFO] Slash command loaded: restart[39m
[37m[39m[37m[2023-12-23T22:57:26.495Z] [INFO] Slash command loaded: reload[39m
[37m[39m[37m[2023-12-23T22:57:26.497Z] [INFO] Slash command loaded: owner[39m
[37m[39m[37m[2023-12-23T22:57:26.509Z] [INFO] Slash command loaded: ping[39m
[37m[39m[37m[2023-12-23T22:57:26.510Z] [INFO] Prefix command loaded: ping[39m
[37m[39m[37m[2023-12-23T22:57:27.076Z] [INFO] Successfully reloaded 2 global commands.[39m
[37m[39m[37m[2023-12-23T22:57:27.270Z] [INFO] Successfully reloaded 5 dev commands.[39m
[37m[39m[37m[2023-12-23T22:57:27.589Z] [INFO] Logged in as O'Jar's pawn#6765![39m
[37m[39m[37m[2023-12-23T22:57:39.787Z] [INFO] Slash command debug used by isahooman[39m
[37m[39m[37m[2023-12-23T22:57:40.240Z] [INFO] Slash command executed successfully[39m
[37m[39m[37m[2023-12-23T22:57:41.933Z] [INFO] Slash command debug used by isahooman[39m
[37m[39m[37m[2023-12-23T22:57:42.149Z] [INFO] Slash command executed successfully[39m
[37m[39m[37m[2023-12-23T23:01:07.654Z] [INFO] Slash command deploy used by isahooman[39m
[37m[39m[37m[2023-12-23T23:01:08.177Z] [INFO] Registered global slash commands![39m
[37m[39m[37m[2023-12-23T23:01:08.512Z] [INFO] Registered guild slash commands for guildId: 1153218025546317866[39m
[37m[39m[37m[2023-12-23T23:01:08.748Z] [INFO] Slash command executed successfully[39m
[37m[39m[37m[2023-12-23T23:01:16.564Z] [INFO] Slash command loaded: debug[39m
[37m[39m[37m[2023-12-23T23:01:16.566Z] [INFO] Slash command loaded: deploy[39m
[37m[39m[37m[2023-12-23T23:01:16.567Z] [INFO] Slash command loaded: logs[39m
[37m[39m[37m[2023-12-23T23:01:16.569Z] [INFO] Slash command loaded: restart[39m
[37m[39m[37m[2023-12-23T23:01:16.570Z] [INFO] Slash command loaded: reload[39m
[37m[39m[37m[2023-12-23T23:01:16.572Z] [INFO] Slash command loaded: owner[39m
[37m[39m[37m[2023-12-23T23:01:16.588Z] [INFO] Slash command loaded: ping[39m
[37m[39m[37m[2023-12-23T23:01:16.589Z] [INFO] Prefix command loaded: ping[39m
[37m[39m[37m[2023-12-23T23:01:17.150Z] [INFO] Successfully reloaded 2 global commands.[39m
[37m[39m[37m[2023-12-23T23:01:17.384Z] [INFO] Successfully reloaded 5 dev commands.[39m
[37m[39m[37m[2023-12-23T23:01:18.004Z] [INFO] Logged in as O'Jar's pawn#6765![39m
[37m[39m[37m[2023-12-23T23:01:28.614Z] [INFO] Slash command loaded: debug[39m
[37m[39m[37m[2023-12-23T23:01:28.616Z] [INFO] Slash command loaded: deploy[39m
[37m[39m[37m[2023-12-23T23:01:28.617Z] [INFO] Slash command loaded: logs[39m
[37m[39m[37m[2023-12-23T23:01:28.619Z] [INFO] Slash command loaded: restart[39m
[37m[39m[37m[2023-12-23T23:01:28.620Z] [INFO] Slash command loaded: reload[39m
[37m[39m[37m[2023-12-23T23:01:28.622Z] [INFO] Slash command loaded: owner[39m
[37m[39m[37m[2023-12-23T23:01:28.639Z] [INFO] Slash command loaded: ping[39m
[37m[39m[37m[2023-12-23T23:01:28.640Z] [INFO] Prefix command loaded: ping[39m
[37m[39m[37m[2023-12-23T23:01:29.693Z] [INFO] Logged in as O'Jar's pawn#6765![39m
[37m[39m[37m[2023-12-23T23:01:47.925Z] [INFO] Registered global slash commands![39m
[37m[39m[31m[2023-12-23T23:01:57.933Z] [ERROR] ConnectTimeoutError: Connect Timeout Error[39m
[31m[39m[37m[2023-12-23T23:02:11.191Z] [INFO] Slash command loaded: debug[39m
[37m[39m[37m[2023-12-23T23:02:11.194Z] [INFO] Slash command loaded: deploy[39m
[37m[39m[37m[2023-12-23T23:02:11.195Z] [INFO] Slash command loaded: logs[39m
[37m[39m[37m[2023-12-23T23:02:11.196Z] [INFO] Slash command loaded: restart[39m
[37m[39m[37m[2023-12-23T23:02:11.198Z] [INFO] Slash command loaded: reload[39m
[37m[39m[37m[2023-12-23T23:02:11.200Z] [INFO] Slash command loaded: owner[39m
[37m[39m[37m[2023-12-23T23:02:11.214Z] [INFO] Slash command loaded: ping[39m
[37m[39m[37m[2023-12-23T23:02:11.216Z] [INFO] Prefix command loaded: ping[39m
[37m[39m[37m[2023-12-23T23:02:12.072Z] [INFO] Successfully reloaded 2 global commands.[39m
[37m[39m[37m[2023-12-23T23:02:12.377Z] [INFO] Successfully reloaded 5 dev commands.[39m
[37m[39m[37m[2023-12-23T23:02:12.512Z] [INFO] Logged in as O'Jar's pawn#6765![39m
[37m[39m[37m[2023-12-23T23:02:21.494Z] [INFO] Slash command owner used by isahooman[39m
[37m[39m[37m[2023-12-23T23:02:21.496Z] [INFO] Slash command executed successfully[39m
[37m[39m[37m[2023-12-23T23:02:27.342Z] [INFO] Slash command owner used by isahooman[39m
[37m[39m[37m[2023-12-23T23:02:27.343Z] [INFO] Slash command executed successfully[39m
[37m[39m[37m[2023-12-23T23:05:42.500Z] [INFO] Slash command owner used by isahooman[39m
[37m[39m[37m[2023-12-23T23:05:42.501Z] [INFO] Slash command executed successfully[39m
[37m[39m[37m[2023-12-23T23:05:48.364Z] [INFO] Slash command loaded: debug[39m
[37m[39m[37m[2023-12-23T23:05:48.366Z] [INFO] Slash command loaded: deploy[39m
[37m[39m[37m[2023-12-23T23:05:48.367Z] [INFO] Slash command loaded: logs[39m
[37m[39m[37m[2023-12-23T23:05:48.369Z] [INFO] Slash command loaded: restart[39m
[37m[39m[37m[2023-12-23T23:05:48.371Z] [INFO] Slash command loaded: reload[39m
[37m[39m[37m[2023-12-23T23:05:48.372Z] [INFO] Slash command loaded: owner[39m
[37m[39m[37m[2023-12-23T23:05:48.386Z] [INFO] Slash command loaded: ping[39m
[37m[39m[37m[2023-12-23T23:05:48.387Z] [INFO] Prefix command loaded: ping[39m
[37m[39m[37m[2023-12-23T23:05:48.888Z] [INFO] Successfully reloaded 2 global commands.[39m
[37m[39m[37m[2023-12-23T23:05:49.034Z] [INFO] Successfully reloaded 5 dev commands.[39m
[37m[39m[37m[2023-12-23T23:05:49.237Z] [INFO] Logged in as O'Jar's pawn#6765![39m
[37m[39m[37m[2023-12-23T23:06:09.216Z] [INFO] Slash command loaded: debug[39m
[37m[39m[37m[2023-12-23T23:06:09.219Z] [INFO] Slash command loaded: deploy[39m
[37m[39m[37m[2023-12-23T23:06:09.220Z] [INFO] Slash command loaded: logs[39m
[37m[39m[37m[2023-12-23T23:06:09.221Z] [INFO] Slash command loaded: restart[39m
[37m[39m[37m[2023-12-23T23:06:09.222Z] [INFO] Slash command loaded: reload[39m
[37m[39m[37m[2023-12-23T23:06:09.224Z] [INFO] Slash command loaded: owner[39m
[37m[39m[37m[2023-12-23T23:06:09.242Z] [INFO] Slash command loaded: ping[39m
[37m[39m[37m[2023-12-23T23:06:09.244Z] [INFO] Prefix command loaded: ping[39m
[37m[39m[37m[2023-12-23T23:06:10.114Z] [INFO] Successfully reloaded 2 global commands.[39m
[37m[39m[37m[2023-12-23T23:06:10.382Z] [INFO] Successfully reloaded 5 dev commands.[39m
[37m[39m[37m[2023-12-23T23:06:10.618Z] [INFO] Logged in as O'Jar's pawn#6765![39m
[37m[39m[37m[2023-12-23T23:06:59.917Z] [INFO] Slash command owner used by isahooman[39m
[37m[39m[37m[2023-12-23T23:06:59.919Z] [INFO] Slash command executed successfully[39m
[37m[39m[37m[2023-12-23T23:09:20.285Z] [INFO] Slash command owner used by isahooman[39m
[37m[39m[37m[2023-12-23T23:09:20.286Z] [INFO] Slash command executed successfully[39m
[37m[39m[37m[2023-12-23T23:09:31.363Z] [INFO] Slash command reload used by isahooman[39m
[37m[39m[37m[2023-12-23T23:09:31.765Z] [INFO] Slash command executed successfully[39m
[37m[39m[37m[2023-12-23T23:09:35.723Z] [INFO] Slash command owner used by isahooman[39m
[37m[39m[31m[2023-12-23T23:09:35.725Z] [ERROR] Error executing slash command: message is not defined[39m
[31m[39m[37m[2023-12-23T23:10:16.087Z] [INFO] Slash command loaded: debug[39m
[37m[39m[37m[2023-12-23T23:10:16.089Z] [INFO] Slash command loaded: deploy[39m
[37m[39m[37m[2023-12-23T23:10:16.090Z] [INFO] Slash command loaded: logs[39m
[37m[39m[37m[2023-12-23T23:10:16.091Z] [INFO] Slash command loaded: restart[39m
[37m[39m[37m[2023-12-23T23:10:16.092Z] [INFO] Slash command loaded: reload[39m
[37m[39m[37m[2023-12-23T23:10:16.094Z] [INFO] Slash command loaded: owner[39m
[37m[39m[37m[2023-12-23T23:10:16.110Z] [INFO] Slash command loaded: ping[39m
[37m[39m[37m[2023-12-23T23:10:16.111Z] [INFO] Prefix command loaded: ping[39m
[37m[39m[37m[2023-12-23T23:10:16.672Z] [INFO] Successfully reloaded 2 global commands.[39m
[37m[39m[37m[2023-12-23T23:10:16.886Z] [INFO] Successfully reloaded 5 dev commands.[39m
[37m[39m[37m[2023-12-23T23:10:17.315Z] [INFO] Logged in as O'Jar's pawn#6765![39m
[37m[39m[37m[2023-12-23T23:10:19.213Z] [INFO] Slash command owner used by isahooman[39m
[37m[39m[37m[2023-12-23T23:10:19.215Z] [INFO] Slash command executed successfully[39m
[37m[39m[37m[2023-12-23T23:11:35.665Z] [INFO] Slash command reload used by isahooman[39m
[37m[39m[37m[2023-12-23T23:11:36.262Z] [INFO] Slash command executed successfully[39m
[37m[39m[37m[2023-12-23T23:11:39.082Z] [INFO] Slash command owner used by isahooman[39m
[37m[39m[37m[2023-12-23T23:11:39.357Z] [INFO] Slash command executed successfully[39m
[37m[39m[37m[2023-12-23T23:11:42.813Z] [INFO] Slash command owner used by isahooman[39m
[37m[39m[37m[2023-12-23T23:11:43.379Z] [INFO] Slash command executed successfully[39m
[37m[39m[37m[2023-12-23T23:12:25.198Z] [INFO] Slash command owner used by isahooman[39m
[37m[39m[31m[2023-12-23T23:12:25.199Z] [ERROR] Forced failure for testing purposes[39m
[31m[39m[31m[2023-12-23T23:12:25.200Z] [ERROR] Error executing slash command: Forced failure for testing purposes[39m
[31m[39m[37m[2023-12-23T23:12:31.329Z] [INFO] Slash command loaded: debug[39m
[37m[39m[37m[2023-12-23T23:12:31.331Z] [INFO] Slash command loaded: deploy[39m
[37m[39m[37m[2023-12-23T23:12:31.332Z] [INFO] Slash command loaded: logs[39m
[37m[39m[37m[2023-12-23T23:12:31.333Z] [INFO] Slash command loaded: restart[39m
[37m[39m[37m[2023-12-23T23:12:31.334Z] [INFO] Slash command loaded: reload[39m
[37m[39m[37m[2023-12-23T23:12:31.336Z] [INFO] Slash command loaded: owner[39m
[37m[39m[37m[2023-12-23T23:12:31.352Z] [INFO] Slash command loaded: ping[39m
[37m[39m[37m[2023-12-23T23:12:31.353Z] [INFO] Prefix command loaded: ping[39m
[37m[39m[37m[2023-12-23T23:12:31.865Z] [INFO] Successfully reloaded 2 global commands.[39m
[37m[39m[37m[2023-12-23T23:12:32.016Z] [INFO] Successfully reloaded 5 dev commands.[39m
[37m[39m[37m[2023-12-23T23:12:32.382Z] [INFO] Logged in as O'Jar's pawn#6765![39m
[37m[39m[37m[2023-12-23T23:12:33.377Z] [INFO] Slash command owner used by isahooman[39m
[37m[39m[31m[2023-12-23T23:12:33.378Z] [ERROR] Forced failure for testing purposes[39m
[31m[39m[31m[2023-12-23T23:12:33.379Z] [ERROR] Error executing slash command: Forced failure for testing purposes[39m
[31m[39m[37m[2023-12-23T23:14:58.097Z] [INFO] Slash command ping used by isahooman[39m
[37m[39m[34m[2023-12-23T23:14:58.100Z] [DEBUG] Starting ping calculation for isahooman[39m
[34m[39m[34m[2023-12-23T23:14:58.102Z] [DEBUG] Ping calculated: 89ms, Processing Speed: 1.167ms, Uptime: 2m 27s[39m
[34m[39m[37m[2023-12-23T23:14:58.504Z] [INFO] Slash command executed successfully[39m
[37m[39m[37m[2023-12-23T23:40:37.123Z] [INFO] Slash command restart used by isahooman[39m
[37m[39m[31m[2023-12-23T23:40:37.601Z] [ERROR] Error executing slash command: Cannot access 'process' before initialization[39m
[31m[39m[37m[2023-12-23T23:41:31.745Z] [INFO] Slash command reload used by isahooman[39m
[37m[39m[31m[2023-12-23T23:41:31.746Z] [ERROR] Error: Cannot find module 'C:\Users\Ng\Documents\Projects\Bots\Slate\commands\slash\global\restart.js'[39m
[31mRequire stack:[39m
[31m- C:\Users\Ng\Documents\Projects\Bots\Slate\commands\slash\dev\reload.js[39m
[31m- C:\Users\Ng\Documents\Projects\Bots\Slate\bot.js[39m
[31m[39m[37m[2023-12-23T23:41:32.101Z] [INFO] Slash command executed successfully[39m
[37m[39m[37m[2023-12-23T23:41:59.154Z] [INFO] Slash command reload used by isahooman[39m
[37m[39m[31m[2023-12-23T23:41:59.155Z] [ERROR] Error: Cannot find module 'C:\Users\Ng\Documents\Projects\Bots\Slate\commands\slash\global\restart.js'[39m
[31mRequire stack:[39m
[31m- C:\Users\Ng\Documents\Projects\Bots\Slate\commands\slash\dev\reload.js[39m
[31m- C:\Users\Ng\Documents\Projects\Bots\Slate\bot.js[39m
[31m[39m[37m[2023-12-23T23:41:59.585Z] [INFO] Slash command executed successfully[39m
[37m[39m[37m[2023-12-23T23:42:33.218Z] [INFO] Slash command reload used by isahooman[39m
[37m[39m[31m[2023-12-23T23:42:33.219Z] [ERROR] Error: Cannot find module 'C:\Users\Ng\Documents\Projects\Bots\Slate\commands\slash\global\restart.js'[39m
[31mRequire stack:[39m
[31m- C:\Users\Ng\Documents\Projects\Bots\Slate\commands\slash\dev\reload.js[39m
[31m- C:\Users\Ng\Documents\Projects\Bots\Slate\bot.js[39m
[31m[39m[37m[2023-12-23T23:42:33.608Z] [INFO] Slash command executed successfully[39m
[37m[39m[37m[2023-12-23T23:42:36.722Z] [INFO] Slash command reload used by isahooman[39m
[37m[39m[31m[2023-12-23T23:42:36.722Z] [ERROR] Error: Cannot find module 'C:\Users\Ng\Documents\Projects\Bots\Slate\commands\slash\global\reboot.js'[39m
[31mRequire stack:[39m
[31m- C:\Users\Ng\Documents\Projects\Bots\Slate\commands\slash\dev\reload.js[39m
[31m- C:\Users\Ng\Documents\Projects\Bots\Slate\bot.js[39m
[31m[39m[37m[2023-12-23T23:42:36.925Z] [INFO] Slash command executed successfully[39m
[37m[39m[37m[2023-12-23T23:42:44.422Z] [INFO] Slash command reload used by isahooman[39m
[37m[39m[31m[2023-12-23T23:42:44.424Z] [ERROR] Failed to reload prefix command at ping.js: Cannot find module '../logger'[39m
[31mRequire stack:[39m
[31m- C:\Users\Ng\Documents\Projects\Bots\Slate\commands\prefix\ping.js[39m
[31m- C:\Users\Ng\Documents\Projects\Bots\Slate\commands\slash\dev\reload.js[39m
[31m- C:\Users\Ng\Documents\Projects\Bots\Slate\bot.js[39m
[31m[39m[37m[2023-12-23T23:42:44.797Z] [INFO] Slash command executed successfully[39m
[37m[39m[37m[2023-12-23T23:43:09.192Z] [INFO] Slash command loaded: debug[39m
[37m[39m[37m[2023-12-23T23:43:09.195Z] [INFO] Slash command loaded: deploy[39m
[37m[39m[37m[2023-12-23T23:43:09.196Z] [INFO] Slash command loaded: logs[39m
[37m[39m[37m[2023-12-23T23:43:09.196Z] [INFO] Slash command loaded: reload[39m
[37m[39m[37m[2023-12-23T23:43:09.199Z] [INFO] Slash command loaded: restart[39m
[37m[39m[37m[2023-12-23T23:43:09.200Z] [INFO] Slash command loaded: owner[39m
[37m[39m[37m[2023-12-23T23:43:09.213Z] [INFO] Slash command loaded: ping[39m
[37m[39m[37m[2023-12-23T23:43:09.215Z] [INFO] Prefix command loaded: ping[39m
[37m[39m[37m[2023-12-23T23:43:09.688Z] [INFO] Successfully reloaded 2 global commands.[39m
[37m[39m[37m[2023-12-23T23:43:09.855Z] [INFO] Successfully reloaded 5 dev commands.[39m
[37m[39m[37m[2023-12-23T23:43:10.579Z] [INFO] Logged in as O'Jar's pawn#6765![39m
[37m[39m[37m[2023-12-23T23:43:15.091Z] [INFO] Slash command restart used by isahooman[39m
[37m[39m[34m[2023-12-23T23:43:15.091Z] [DEBUG] 'restart' command invoked by isahooman[39m
[34m[39m[34m[2023-12-23T23:43:15.834Z] [DEBUG] Restarting bot process[39m
[34m[39m[2023-12-23T23:43:16.234Z] [INFO] Slash command loaded: debug
[2023-12-23T23:43:16.236Z] [INFO] Slash command loaded: deploy
[2023-12-23T23:43:16.237Z] [INFO] Slash command loaded: logs
[2023-12-23T23:43:16.238Z] [INFO] Slash command loaded: reload
[2023-12-23T23:43:16.240Z] [INFO] Slash command loaded: restart
[2023-12-23T23:43:16.241Z] [INFO] Slash command loaded: owner
[2023-12-23T23:43:16.256Z] [INFO] Slash command loaded: ping
[2023-12-23T23:43:16.257Z] [INFO] Prefix command loaded: ping
[2023-12-23T23:43:16.758Z] [INFO] Successfully reloaded 2 global commands.
[37m[2023-12-23T23:43:19.704Z] [INFO] Slash command loaded: debug[39m
[37m[39m[37m[2023-12-23T23:43:19.707Z] [INFO] Slash command loaded: deploy[39m
[37m[39m[37m[2023-12-23T23:43:19.708Z] [INFO] Slash command loaded: logs[39m
[37m[39m[37m[2023-12-23T23:43:19.709Z] [INFO] Slash command loaded: reload[39m
[37m[39m[37m[2023-12-23T23:43:19.712Z] [INFO] Slash command loaded: restart[39m
[37m[39m[37m[2023-12-23T23:43:19.713Z] [INFO] Slash command loaded: owner[39m
[37m[39m[37m[2023-12-23T23:43:19.727Z] [INFO] Slash command loaded: ping[39m
[37m[39m[37m[2023-12-23T23:43:19.729Z] [INFO] Prefix command loaded: ping[39m
[37m[39m[37m[2023-12-23T23:43:20.925Z] [INFO] Logged in as O'Jar's pawn#6765![39m
[37m[39m[37m[2023-12-23T23:43:33.391Z] [INFO] Slash command ping used by isahooman[39m
[37m[39m[34m[2023-12-23T23:43:33.394Z] [DEBUG] Starting ping calculation for isahooman[39m
[34m[39m[34m[2023-12-23T23:43:33.396Z] [DEBUG] Ping calculated: -1ms, Processing Speed: 1.327ms, Uptime: 14s[39m
[34m[39m[37m[2023-12-23T23:43:33.818Z] [INFO] Slash command executed successfully[39m
[37m[39m[37m[2023-12-23T23:43:40.815Z] [INFO] Slash command deploy used by isahooman[39m
[37m[39m[34m[2023-12-23T23:43:40.816Z] [DEBUG] Starting to deploy commands[39m
[34m[39m[34m[2023-12-23T23:43:40.817Z] [DEBUG] Preparing global command for deployment: owner.js[39m
[34m[39m[34m[2023-12-23T23:43:40.817Z] [DEBUG] Preparing global command for deployment: ping.js[39m
[34m[39m[34m[2023-12-23T23:43:40.818Z] [DEBUG] Preparing dev command for deployment: debug.js[39m
[34m[39m[34m[2023-12-23T23:43:40.818Z] [DEBUG] Preparing dev command for deployment: deploy.js[39m
[34m[39m[34m[2023-12-23T23:43:40.819Z] [DEBUG] Preparing dev command for deployment: logs.js[39m
[34m[39m[34m[2023-12-23T23:43:40.819Z] [DEBUG] Preparing dev command for deployment: reload.js[39m
[34m[39m[34m[2023-12-23T23:43:40.819Z] [DEBUG] Preparing dev command for deployment: restart.js[39m
[34m[39m[37m[2023-12-23T23:43:41.348Z] [INFO] Registered global slash commands![39m
[37m[39m[37m[2023-12-23T23:43:41.651Z] [INFO] Registered guild slash commands for guildId: 1153218025546317866[39m
[37m[39m[37m[2023-12-23T23:43:41.988Z] [INFO] Slash command executed successfully[39m
[37m[39m[37m[2023-12-23T23:44:19.541Z] [INFO] Slash command reload used by isahooman[39m
[37m[39m[31m[2023-12-23T23:44:19.542Z] [ERROR] Error: Cannot find module 'C:\Users\Ng\Documents\Projects\Bots\Slate\commands\slash\global\deploy.js'[39m
[31mRequire stack:[39m
[31m- C:\Users\Ng\Documents\Projects\Bots\Slate\commands\slash\dev\reload.js[39m
[31m- C:\Users\Ng\Documents\Projects\Bots\Slate\bot.js[39m
[31m[39m[37m[2023-12-23T23:44:20.012Z] [INFO] Slash command executed successfully[39m
[37m[39m[37m[2023-12-23T23:44:40.502Z] [INFO] Successfully reloaded 2 global commands.[39m
[37m[39m[37m[2023-12-23T23:44:40.835Z] [INFO] Successfully reloaded 5 dev commands.[39m
[37m[39m[37m[2023-12-23T23:45:22.585Z] [INFO] Slash command reload used by isahooman[39m
[37m[39m[31m[2023-12-23T23:45:22.586Z] [ERROR] Error: Cannot find module 'C:\Users\Ng\Documents\Projects\Bots\Slate\commands\slash\global\dev.js'[39m
[31mRequire stack:[39m
[31m- C:\Users\Ng\Documents\Projects\Bots\Slate\commands\slash\dev\reload.js[39m
[31m- C:\Users\Ng\Documents\Projects\Bots\Slate\bot.js[39m
[31m[39m[37m[2023-12-23T23:45:23.016Z] [INFO] Slash command executed successfully[39m
[37m[39m